[debug] [2024-01-12T12:05:44.248Z] ----------------------------------------------------------------------
[debug] [2024-01-12T12:05:44.252Z] Command:       C:\Program Files\nodejs\node.exe C:\Users\Mahlatse\AppData\Roaming\npm\node_modules\firebase-tools\lib\bin\firebase.js init
[debug] [2024-01-12T12:05:44.252Z] CLI Version:   12.9.1
[debug] [2024-01-12T12:05:44.253Z] Platform:      win32
[debug] [2024-01-12T12:05:44.253Z] Node Version:  v20.9.0
[debug] [2024-01-12T12:05:44.253Z] Time:          Fri Jan 12 2024 14:05:44 GMT+0200 (South Africa Standard Time)
[debug] [2024-01-12T12:05:44.253Z] ----------------------------------------------------------------------
[debug] 
[debug] [2024-01-12T12:05:44.257Z] >>> [apiv2][query] GET https://firebase-public.firebaseio.com/cli.json [none]
[debug] [2024-01-12T12:05:44.402Z] > command requires scopes: ["email","openid","https://www.googleapis.com/auth/cloudplatformprojects.readonly","https://www.googleapis.com/auth/firebase","https://www.googleapis.com/auth/cloud-platform"]
[debug] [2024-01-12T12:05:44.402Z] > authorizing via signed-in user (atlegilemarketingsolutions@gmail.com)
[info] 
     ######## #### ########  ######## ########     ###     ######  ########
     ##        ##  ##     ## ##       ##     ##  ##   ##  ##       ##
     ######    ##  ########  ######   ########  #########  ######  ######
     ##        ##  ##    ##  ##       ##     ## ##     ##       ## ##
     ##       #### ##     ## ######## ########  ##     ##  ######  ########

You're about to initialize a Firebase project in this directory:

  C:\Users\Mahlatse\Downloads\-ATLEGILE-MARKETING-SOLUTIONS-CMS

Before we get started, keep in mind:

  * You are initializing within an existing Firebase project directory

[debug] [2024-01-12T12:05:45.006Z] <<< [apiv2][status] GET https://firebase-public.firebaseio.com/cli.json 200
[debug] [2024-01-12T12:05:45.007Z] <<< [apiv2][body] GET https://firebase-public.firebaseio.com/cli.json {"cloudBuildErrorAfter":1594252800000,"cloudBuildWarnAfter":1590019200000,"defaultNode10After":1594252800000,"minVersion":"3.0.5","node8DeploysDisabledAfter":1613390400000,"node8RuntimeDisabledAfter":1615809600000,"node8WarnAfter":1600128000000}
[info] 
=== Project Setup
[info] 
[info] First, let's associate this project directory with a Firebase project.
[info] You can create multiple project aliases by running firebase use --add, 
[info] but for now we'll just set up a default project.
[info] 
[debug] [2024-01-12T12:08:23.508Z] Using project from CLI flag: atlegile-marketing-solutions
[debug] [2024-01-12T12:08:23.509Z] > refreshing access token with scopes: []
[debug] [2024-01-12T12:08:23.511Z] >>> [apiv2][query] POST https://www.googleapis.com/oauth2/v3/token [none]
[debug] [2024-01-12T12:08:23.511Z] >>> [apiv2][body] POST https://www.googleapis.com/oauth2/v3/token [omitted]
[debug] [2024-01-12T12:08:23.940Z] <<< [apiv2][status] POST https://www.googleapis.com/oauth2/v3/token 200
[debug] [2024-01-12T12:08:23.941Z] <<< [apiv2][body] POST https://www.googleapis.com/oauth2/v3/token [omitted]
[debug] [2024-01-12T12:08:23.996Z] >>> [apiv2][query] GET https://firebase.googleapis.com/v1beta1/projects/atlegile-marketing-solutions [none]
[debug] [2024-01-12T12:08:24.537Z] <<< [apiv2][status] GET https://firebase.googleapis.com/v1beta1/projects/atlegile-marketing-solutions 200
[debug] [2024-01-12T12:08:24.537Z] <<< [apiv2][body] GET https://firebase.googleapis.com/v1beta1/projects/atlegile-marketing-solutions {"projectId":"atlegile-marketing-solutions","projectNumber":"184474823085","displayName":"Atlegile-Marketing-Solutions","name":"projects/atlegile-marketing-solutions","resources":{"hostingSite":"atlegile-marketing-solutions","storageBucket":"atlegile-marketing-solutions.appspot.com","locationId":"us-central"},"state":"ACTIVE","etag":"1_1a989eb5-34ac-4d90-999c-86221cd67cf7"}
[info] i  Using project atlegile-marketing-solutions (Atlegile-Marketing-Solutions) 
[info] 
=== Hosting Setup
[debug] [2024-01-12T12:08:24.551Z] >>> [apiv2][query] GET https://firebase.googleapis.com/v1beta1/projects/atlegile-marketing-solutions [none]
[debug] [2024-01-12T12:08:24.887Z] <<< [apiv2][status] GET https://firebase.googleapis.com/v1beta1/projects/atlegile-marketing-solutions 200
[debug] [2024-01-12T12:08:24.888Z] <<< [apiv2][body] GET https://firebase.googleapis.com/v1beta1/projects/atlegile-marketing-solutions {"projectId":"atlegile-marketing-solutions","projectNumber":"184474823085","displayName":"Atlegile-Marketing-Solutions","name":"projects/atlegile-marketing-solutions","resources":{"hostingSite":"atlegile-marketing-solutions","storageBucket":"atlegile-marketing-solutions.appspot.com","locationId":"us-central"},"state":"ACTIVE","etag":"1_1a989eb5-34ac-4d90-999c-86221cd67cf7"}
[info] 
[info] Your public directory is the folder (relative to your project directory) that
[info] will contain Hosting assets to be uploaded with firebase deploy. If you
[info] have a build process for your assets, use your build's output directory.
[info] 
[debug] [2024-01-12T12:09:26.282Z] >>> [apiv2][query] GET https://www.gstatic.com/firebasejs/releases.json [none]
[debug] [2024-01-12T12:09:26.480Z] <<< [apiv2][status] GET https://www.gstatic.com/firebasejs/releases.json 200
[debug] [2024-01-12T12:09:26.480Z] <<< [apiv2][body] GET https://www.gstatic.com/firebasejs/releases.json {"current":{"version":"10.7.1","browserURL":"https://www.gstatic.com/firebasejs/10.7.1/firebase.js","packageURL":"https://www.gstatic.com/firebasejs/10.7.1/firebase.tgz"},"live":{"version":"10.7","browserURL":"https://www.gstatic.com/firebasejs/live/10.7/firebase.js","packageURL":"https://www.gstatic.com/firebasejs/live/10.7/firebase.tgz"},"components":{"analytics":"https://www.gstatic.com/firebasejs/10.7.1/firebase-analytics.js","app":"https://www.gstatic.com/firebasejs/10.7.1/firebase-app.js","app-check":"https://www.gstatic.com/firebasejs/10.7.1/firebase-app-check.js","auth":"https://www.gstatic.com/firebasejs/10.7.1/firebase-auth.js","auth/cordova":"https://www.gstatic.com/firebasejs/10.7.1/firebase-auth/cordova.js","functions":"https://www.gstatic.com/firebasejs/10.7.1/firebase-functions.js","firestore":"https://www.gstatic.com/firebasejs/10.7.1/firebase-firestore.js","firestore/lite":"https://www.gstatic.com/firebasejs/10.7.1/firebase-firestore/lite.js","installations":"https://www.gstatic.com/firebasejs/10.7.1/firebase-installations.js","storage":"https://www.gstatic.com/firebasejs/10.7.1/firebase-storage.js","performance":"https://www.gstatic.com/firebasejs/10.7.1/firebase-performance.js","remote-config":"https://www.gstatic.com/firebasejs/10.7.1/firebase-remote-config.js","messaging":"https://www.gstatic.com/firebasejs/10.7.1/firebase-messaging.js","messaging/sw":"https://www.gstatic.com/firebasejs/10.7.1/firebase-messaging/sw.js","database":"https://www.gstatic.com/firebasejs/10.7.1/firebase-database.js","firestore.memory":"https://www.gstatic.com/firebasejs/10.7.1/firebase-firestore.memory.js"}}
[info] +  Wrote y/index.html 
[info] 
[info] i  Detected a .git folder at C:\Users\Mahlatse\Downloads\-ATLEGILE-MARKETING-SOLUTIONS-CMS 
[info] i  Authorizing with GitHub to upload your service account to a GitHub repository's secrets store. 
[info] 
[info] Visit this URL on this device to log in:
[info] https://github.com/login/oauth/authorize?client_id=89cf50f02ac6aaed3484&state=778450626&redirect_uri=http%3A%2F%2Flocalhost%3A9005&scope=read%3Auser%20repo%20public_repo
[info] 
[info] Waiting for authentication...
[debug] [2024-01-12T12:09:33.423Z] >>> [apiv2][query] POST https://github.com/login/oauth/access_token [none]
[debug] [2024-01-12T12:09:33.423Z] >>> [apiv2][body] POST https://github.com/login/oauth/access_token [stream]
[debug] [2024-01-12T12:09:33.850Z] <<< [apiv2][status] POST https://github.com/login/oauth/access_token 200
[debug] [2024-01-12T12:09:33.850Z] <<< [apiv2][body] POST https://github.com/login/oauth/access_token {"access_token":"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","token_type":"bearer","scope":"read:user,repo"}
[debug] [2024-01-12T12:09:33.868Z] >>> [apiv2][query] GET https://api.github.com/user [none]
[debug] [2024-01-12T12:09:34.247Z] <<< [apiv2][status] GET https://api.github.com/user 200
[debug] [2024-01-12T12:09:34.247Z] <<< [apiv2][body] GET https://api.github.com/user {"login":"Mahlatsek29","id":124674856,"node_id":"U_kgDOB25jKA","avatar_url":"https://avatars.githubusercontent.com/u/124674856?v=4","gravatar_id":"","url":"https://api.github.com/users/Mahlatsek29","html_url":"https://github.com/Mahlatsek29","followers_url":"https://api.github.com/users/Mahlatsek29/followers","following_url":"https://api.github.com/users/Mahlatsek29/following{/other_user}","gists_url":"https://api.github.com/users/Mahlatsek29/gists{/gist_id}","starred_url":"https://api.github.com/users/Mahlatsek29/starred{/owner}{/repo}","subscriptions_url":"https://api.github.com/users/Mahlatsek29/subscriptions","organizations_url":"https://api.github.com/users/Mahlatsek29/orgs","repos_url":"https://api.github.com/users/Mahlatsek29/repos","events_url":"https://api.github.com/users/Mahlatsek29/events{/privacy}","received_events_url":"https://api.github.com/users/Mahlatsek29/received_events","type":"User","site_admin":false,"name":null,"company":null,"blog":"","location":null,"email":null,"hireable":null,"bio":null,"twitter_username":null,"public_repos":31,"public_gists":0,"followers":3,"following":5,"created_at":"2023-02-07T10:07:26Z","updated_at":"2024-01-11T05:08:44Z","private_gists":0,"total_private_repos":0,"owned_private_repos":0,"disk_usage":186786,"collaborators":0,"two_factor_authentication":false,"plan":{"name":"free","space":976562499,"collaborators":0,"private_repos":10000}}
[info] 
[info] +  Success! Logged into GitHub as Mahlatsek29 
[info] 
[debug] [2024-01-12T12:13:52.140Z] >>> [apiv2][query] GET https://api.github.com/repos/ Mahlatsek29/-ATLEGILE-MARKETING-SOLUTIONS-CMS/actions/secrets/public-key type=owner
[debug] [2024-01-12T12:13:52.482Z] <<< [apiv2][status] GET https://api.github.com/repos/ Mahlatsek29/-ATLEGILE-MARKETING-SOLUTIONS-CMS/actions/secrets/public-key 404
[debug] [2024-01-12T12:13:52.482Z] <<< [apiv2][body] GET https://api.github.com/repos/ Mahlatsek29/-ATLEGILE-MARKETING-SOLUTIONS-CMS/actions/secrets/public-key {"message":"Not Found","documentation_url":"https://docs.github.com/rest/actions/secrets#get-a-repository-public-key"}
[info] 
[info] 
[error] !  The provided authorization cannot be used with this repository. If this repository is in an organization, did you remember to grant access? 
[info] 
[info] i  Action required: Visit this URL to ensure access has been granted to the appropriate organization(s) for the Firebase CLI GitHub OAuth App: 
[info] https://github.com/settings/connections/applications/89cf50f02ac6aaed3484
[info] 
